<?xml version="1.0" encoding="UTF-8"?>
<!-- Generated by org.testng.reporters.JUnitReportReporter -->
<testsuite hostname="DESKTOP-DLCA5PT" failures="0" tests="1" name="alertwindowhandles.PopupWindowAlertHandles" time="5.572" errors="0" timestamp="2024-12-21T15:53:35 IST" skipped="0">
  <testcase classname="alertwindowhandles.PopupWindowAlertHandles" name="alertsendtextokcancelbutton" time="5.572"/>
  <system-out/>
</testsuite> <!-- alertwindowhandles.PopupWindowAlertHandles -->
