<?xml version="1.0" encoding="UTF-8"?>
<!-- Generated by org.testng.reporters.JUnitReportReporter -->
<testsuite hostname="DESKTOP-DLCA5PT" failures="0" tests="6" name="testng.TestNG_4_InvocationCount" time="30.373" errors="0" timestamp="2024-12-12T16:35:00 IST" skipped="2">
  <testcase classname="testng.TestNG_4_InvocationCount" name="redmine" time="17.966"/>
  <system-out/>
  <testcase classname="testng.TestNG_4_InvocationCount" name="gmail" time="5.089"/>
  <system-out/>
  <testcase classname="testng.TestNG_4_InvocationCount" name="gmail" time="2.197"/>
  <system-out/>
  <testcase classname="testng.TestNG_4_InvocationCount" name="gmail" time="5.121"/>
  <system-out/>
  <testcase classname="testng.TestNG_4_InvocationCount" name="twitter">
    <skipped/>
  </testcase> <!-- twitter -->
  <system-out/>
  <testcase classname="testng.TestNG_4_InvocationCount" name="google">
    <skipped/>
  </testcase> <!-- google -->
  <system-out/>
</testsuite> <!-- testng.TestNG_4_InvocationCount -->
