<?xml version="1.0" encoding="UTF-8"?>
<!-- Generated by org.testng.reporters.JUnitReportReporter -->
<testsuite hostname="DESKTOP-DLCA5PT" failures="0" tests="1" name="testng.Demo" time="0.016" errors="0" timestamp="2024-12-10T14:57:01 IST" skipped="0">
  <testcase classname="testng.Demo" name="f" time="0.016"/>
  <system-out/>
</testsuite> <!-- testng.Demo -->
