<?xml version="1.0" encoding="UTF-8"?>
<!-- Generated by org.testng.reporters.JUnitReportReporter -->
<testsuite hostname="DESKTOP-DLCA5PT" failures="0" tests="1" name="testng.TestNG_7_Timeout_Feature" time="9.365" errors="0" timestamp="2024-12-12T17:20:22 IST" skipped="0">
  <testcase classname="testng.TestNG_7_Timeout_Feature" name="googlesearchtirupathi" time="9.365"/>
  <system-out/>
</testsuite> <!-- testng.TestNG_7_Timeout_Feature -->
