<?xml version="1.0" encoding="UTF-8"?>
<!-- Generated by org.testng.reporters.JUnitReportReporter -->
<testsuite hostname="DESKTOP-DLCA5PT" failures="0" tests="2" name="testng.TestNG_8_Run_TCs_XML" time="11.016" errors="0" timestamp="2024-12-16T12:03:31 IST" skipped="0">
  <testcase classname="testng.TestNG_8_Run_TCs_XML" name="redmine" time="7.924"/>
  <system-out/>
  <testcase classname="testng.TestNG_8_Run_TCs_XML" name="gmail" time="3.092"/>
  <system-out/>
</testsuite> <!-- testng.TestNG_8_Run_TCs_XML -->
