<?xml version="1.0" encoding="UTF-8"?>
<!-- Generated by org.testng.reporters.JUnitReportReporter -->
<testsuite hostname="DESKTOP-DLCA5PT" failures="0" tests="1" name="dropdownselection.SelectDropdownOption" time="6.383" errors="0" timestamp="2024-12-20T15:43:21 IST" skipped="0">
  <testcase classname="dropdownselection.SelectDropdownOption" name="selectdropdown" time="6.383"/>
  <system-out/>
</testsuite> <!-- dropdownselection.SelectDropdownOption -->
