<?xml version="1.0" encoding="UTF-8"?>
<!-- Generated by org.testng.reporters.JUnitReportReporter -->
<testsuite hostname="DESKTOP-DLCA5PT" failures="0" tests="2" name="testng.TestNG_9_TCs_Groups" time="12.461" errors="0" timestamp="2024-12-17T20:54:58 IST" skipped="0">
  <testcase classname="testng.TestNG_9_TCs_Groups" name="redmine" time="6.759"/>
  <system-out/>
  <testcase classname="testng.TestNG_9_TCs_Groups" name="techlearn" time="5.702"/>
  <system-out/>
</testsuite> <!-- testng.TestNG_9_TCs_Groups -->
