<?xml version="1.0" encoding="UTF-8"?>
<!-- Generated by org.testng.reporters.JUnitReportReporter -->
<testsuite hostname="DESKTOP-DLCA5PT" failures="0" tests="2" name="testng.TestNG_6_DependsOnMethod" time="3.148" errors="0" timestamp="2024-12-12T16:53:09 IST" skipped="0">
  <testcase classname="testng.TestNG_6_DependsOnMethod" name="method1" time="0.414"/>
  <system-out/>
  <testcase classname="testng.TestNG_6_DependsOnMethod" name="method2" time="2.734"/>
  <system-out/>
</testsuite> <!-- testng.TestNG_6_DependsOnMethod -->
